<?xml version="1.0" encoding="UTF-8"?>
<!-- Generated by org.testng.reporters.JUnitReportReporter -->
<testsuite hostname="DESKTOP-J8IKUJ9" failures="0" tests="1" name="com.woolsworth.runner.Runner" time="55.273" errors="0" timestamp="2024-03-10T11:56:18 AEDT" skipped="0">
  <testcase classname="com.woolsworth.runner.Runner" name="runScenario" time="55.273"/>
</testsuite> <!-- com.woolsworth.runner.Runner -->
